<testng-results>
  <reporter-output>
  </reporter-output>
  <suite name="MarkReaderTestSuite" duration-ms="432" started-at="2012-01-18T21:31:01Z" finished-at="2012-01-18T21:31:01Z">
    <groups>
      <group name="JarExtender">
        <method signature="net.sqs2.omr.util.JarExtenderTest.testExtend()" name="testExtend" class="net.sqs2.omr.util.JarExtenderTest"/>
      </group>
    </groups>
    <test name="UnitTest" duration-ms="412" started-at="2012-01-18T21:31:01Z" finished-at="2012-01-18T21:31:01Z">
      <class name="net.sqs2.template.TemplateLoaderTest">
        <test-method status="PASS" signature="getDefaultTemplateTest()" name="getDefaultTemplateTest" duration-ms="342" started-at="2012-01-18T21:31:01Z" finished-at="2012-01-18T21:31:01Z">
        </test-method>
        <test-method status="PASS" signature="getUserCustomizedTemplateTest()" name="getUserCustomizedTemplateTest" duration-ms="25" started-at="2012-01-18T21:31:01Z" finished-at="2012-01-18T21:31:01Z">
          <exception class="java.io.FileNotFoundException">
            <message>
              <![CDATA[Template index.ftl not found.]]>
            </message>
            <full-stacktrace>
              <![CDATA[java.io.FileNotFoundException: Template index.ftl not found.
	at freemarker.template.Configuration.getTemplate(Configuration.java:489)
	at freemarker.template.Configuration.getTemplate(Configuration.java:466)
	at net.sqs2.template.TemplateLoader.getUserCustomizedTemplate(TemplateLoader.java:54)
	at net.sqs2.template.TemplateLoaderTest.getUserCustomizedTemplateTest(TemplateLoaderTest.java:56)
	at sun.reflect.NativeMethodAccessorImpl.invoke0(Native Method)
	at sun.reflect.NativeMethodAccessorImpl.invoke(NativeMethodAccessorImpl.java:57)
	at sun.reflect.DelegatingMethodAccessorImpl.invoke(DelegatingMethodAccessorImpl.java:43)
	at java.lang.reflect.Method.invoke(Method.java:601)
	at org.testng.internal.MethodHelper.invokeMethod(MethodHelper.java:643)
	at org.testng.internal.Invoker.invokeMethod(Invoker.java:559)
	at org.testng.internal.Invoker.invokeTestMethod(Invoker.java:723)
	at org.testng.internal.Invoker.invokeTestMethods(Invoker.java:1027)
	at org.testng.internal.TestMethodWorker.invokeTestMethods(TestMethodWorker.java:137)
	at org.testng.internal.TestMethodWorker.run(TestMethodWorker.java:121)
	at org.testng.TestRunner.runWorkers(TestRunner.java:1030)
	at org.testng.TestRunner.privateRun(TestRunner.java:709)
	at org.testng.TestRunner.run(TestRunner.java:579)
	at org.testng.SuiteRunner.runTest(SuiteRunner.java:331)
	at org.testng.SuiteRunner.runSequentially(SuiteRunner.java:326)
	at org.testng.SuiteRunner.privateRun(SuiteRunner.java:288)
	at org.testng.SuiteRunner.run(SuiteRunner.java:193)
	at org.testng.TestNG.createAndRunSuiteRunners(TestNG.java:910)
	at org.testng.TestNG.runSuitesLocally(TestNG.java:879)
	at org.testng.TestNG.run(TestNG.java:787)
	at org.apache.maven.surefire.testng.TestNGExecutor.run(TestNGExecutor.java:122)
	at org.apache.maven.surefire.testng.TestNGXmlTestSuite.execute(TestNGXmlTestSuite.java:88)
	at org.apache.maven.surefire.testng.TestNGProvider.invoke(TestNGProvider.java:104)
	at sun.reflect.NativeMethodAccessorImpl.invoke0(Native Method)
	at sun.reflect.NativeMethodAccessorImpl.invoke(NativeMethodAccessorImpl.java:57)
	at sun.reflect.DelegatingMethodAccessorImpl.invoke(DelegatingMethodAccessorImpl.java:43)
	at java.lang.reflect.Method.invoke(Method.java:601)
	at org.apache.maven.surefire.booter.ProviderFactory$ClassLoaderProxy.invoke(ProviderFactory.java:103)
	at $Proxy0.invoke(Unknown Source)
	at org.apache.maven.surefire.booter.SurefireStarter.invokeProvider(SurefireStarter.java:150)
	at org.apache.maven.surefire.booter.SurefireStarter.runSuitesInProcess(SurefireStarter.java:91)
	at org.apache.maven.surefire.booter.ForkedBooter.main(ForkedBooter.java:69)
]]>
            </full-stacktrace>
          </exception>
        </test-method>
      </class>
      <class name="net.sqs2.omr.util.JarExtenderTest">
        <test-method status="PASS" signature="testExtend()" name="testExtend" duration-ms="13" started-at="2012-01-18T21:31:01Z" finished-at="2012-01-18T21:31:01Z">
        </test-method>
      </class>
      <class name="net.sqs2.omr.util.URLSafeRLEBase64Test">
        <test-method status="PASS" signature="testEncodeBasic()" name="testEncodeBasic" duration-ms="1" started-at="2012-01-18T21:31:01Z" finished-at="2012-01-18T21:31:01Z">
        </test-method>
        <test-method status="PASS" signature="testEncodeByteArray()" name="testEncodeByteArray" duration-ms="1" started-at="2012-01-18T21:31:01Z" finished-at="2012-01-18T21:31:01Z">
        </test-method>
        <test-method status="PASS" signature="testEncodeIntValue()" name="testEncodeIntValue" duration-ms="1" started-at="2012-01-18T21:31:01Z" finished-at="2012-01-18T21:31:01Z">
        </test-method>
        <test-method status="PASS" signature="testEncodeSequencialByteArray()" name="testEncodeSequencialByteArray" duration-ms="1" started-at="2012-01-18T21:31:01Z" finished-at="2012-01-18T21:31:01Z">
        </test-method>
        <test-method status="PASS" signature="testEncodeSequencialString()" name="testEncodeSequencialString" duration-ms="1" started-at="2012-01-18T21:31:01Z" finished-at="2012-01-18T21:31:01Z">
        </test-method>
      </class>
    </test>
    <test name="ComponentTest" duration-ms="0" started-at="2012-01-18T21:31:01Z" finished-at="2012-01-18T21:31:01Z">
    </test>
  </suite>
</testng-results>
