<?xml version="1.0" encoding="UTF-8" ?>
<testsuite failures="0" time="1.536" errors="0" skipped="0" tests="8" name="TestSuite">
  <properties>
[...]
</properties>
  <testcase time="0.012" classname="net.sqs2.omr.util.JarExtenderTest" name="testExtend"/>
  <testcase time="0.001" classname="net.sqs2.omr.util.URLSafeRLEBase64Test" name="testEncodeBasic"/>
  <testcase time="0" classname="net.sqs2.omr.util.URLSafeRLEBase64Test" name="testEncodeByteArray"/>
  <testcase time="0.001" classname="net.sqs2.omr.util.URLSafeRLEBase64Test" name="testEncodeIntValue"/>
  <testcase time="0.001" classname="net.sqs2.omr.util.URLSafeRLEBase64Test" name="testEncodeSequencialByteArray"/>
  <testcase time="0.001" classname="net.sqs2.omr.util.URLSafeRLEBase64Test" name="testEncodeSequencialString"/>
  <testcase time="0.342" classname="net.sqs2.template.TemplateLoaderTest" name="getDefaultTemplateTest"/>
  <testcase time="0.025" classname="net.sqs2.template.TemplateLoaderTest" name="getUserCustomizedTemplateTest"/>
</testsuite>